<?xml version="1.0" encoding="UTF-8"?>
<!-- Generated by org.testng.reporters.JUnitXMLReporter -->
<testsuite ignored="0" hostname="DESKTOP-Q2S0T4Q" failures="2" tests="16" name="Test" time="248.662" errors="0" timestamp="19 Apr 2024 12:17:32 GMT">
  <testcase classname="BatchExcutaion.DemoWebApp_Assingment" name="DemoWeb" time="41.353"/>
  <testcase classname="BatchExcutaion.Swiggy_Assignment_Locators" name="Swiggy" time="5.06"/>
  <testcase classname="BatchExcutaion.Paytm_Xpath_Locator" name="paytm" time="21.207"/>
  <testcase classname="BatchExcutaion.Facebook_Account_Create_Assignment" name="FacebookAccount" time="6.091"/>
  <testcase classname="BatchExcutaion.Insatagram_With_Locators" name="instagram" time="25.871">
    <failure type="org.openqa.selenium.NoSuchElementException" message="no such element: Unable to locate element: {&amp;quot;method&amp;quot;:&amp;quot;partial link text&amp;quot;,&amp;quot;selector&amp;quot;:&amp;quot;Sign&amp;quot;}
  (Session info: chrome=123.0.6312.124)
For documentation on this error, please visit: https://www.selenium.dev/documentation/webdriver/troubleshooting/errors#no-such-element-exception
Build info: version: &amp;apos;4.15.0&amp;apos;, revision: &amp;apos;1d14b5521b&amp;apos;
System info: os.name: &amp;apos;Windows 10&amp;apos;, os.arch: &amp;apos;amd64&amp;apos;, os.version: &amp;apos;10.0&amp;apos;, java.version: &amp;apos;17.0.3&amp;apos;
Driver info: org.openqa.selenium.chrome.ChromeDriver
Command: [57090c8869fc04221d15d8290afad747, findElement {using=partial link text, value=Sign}]
Capabilities {acceptInsecureCerts: false, browserName: chrome, browserVersion: 123.0.6312.124, chrome: {chromedriverVersion: 123.0.6312.122 (31f8248cdd9..., userDataDir: C:\Users\USER\AppData\Local...}, fedcm:accounts: true, goog:chromeOptions: {debuggerAddress: localhost:54067}, networkConnectionEnabled: false, pageLoadStrategy: normal, platformName: windows, proxy: Proxy(), se:cdp: ws://localhost:54067/devtoo..., se:cdpVersion: 123.0.6312.124, setWindowRect: true, strictFileInteractability: false, timeouts: {implicit: 0, pageLoad: 300000, script: 30000}, unhandledPromptBehavior: dismiss and notify, webauthn:extension:credBlob: true, webauthn:extension:largeBlob: true, webauthn:extension:minPinLength: true, webauthn:extension:prf: true, webauthn:virtualAuthenticators: true}
Session ID: 57090c8869fc04221d15d8290afad747">
      <![CDATA[org.openqa.selenium.NoSuchElementException: no such element: Unable to locate element: {"method":"partial link text","selector":"Sign"}
  (Session info: chrome=123.0.6312.124)
For documentation on this error, please visit: https://www.selenium.dev/documentation/webdriver/troubleshooting/errors#no-such-element-exception
Build info: version: '4.15.0', revision: '1d14b5521b'
System info: os.name: 'Windows 10', os.arch: 'amd64', os.version: '10.0', java.version: '17.0.3'
Driver info: org.openqa.selenium.chrome.ChromeDriver
Command: [57090c8869fc04221d15d8290afad747, findElement {using=partial link text, value=Sign}]
Capabilities {acceptInsecureCerts: false, browserName: chrome, browserVersion: 123.0.6312.124, chrome: {chromedriverVersion: 123.0.6312.122 (31f8248cdd9..., userDataDir: C:\Users\USER\AppData\Local...}, fedcm:accounts: true, goog:chromeOptions: {debuggerAddress: localhost:54067}, networkConnectionEnabled: false, pageLoadStrategy: normal, platformName: windows, proxy: Proxy(), se:cdp: ws://localhost:54067/devtoo..., se:cdpVersion: 123.0.6312.124, setWindowRect: true, strictFileInteractability: false, timeouts: {implicit: 0, pageLoad: 300000, script: 30000}, unhandledPromptBehavior: dismiss and notify, webauthn:extension:credBlob: true, webauthn:extension:largeBlob: true, webauthn:extension:minPinLength: true, webauthn:extension:prf: true, webauthn:virtualAuthenticators: true}
Session ID: 57090c8869fc04221d15d8290afad747
at org.openqa.selenium.remote.codec.w3c.W3CHttpResponseCodec.createException(W3CHttpResponseCodec.java:200)
at org.openqa.selenium.remote.codec.w3c.W3CHttpResponseCodec.decode(W3CHttpResponseCodec.java:133)
at org.openqa.selenium.remote.codec.w3c.W3CHttpResponseCodec.decode(W3CHttpResponseCodec.java:52)
at org.openqa.selenium.remote.HttpCommandExecutor.execute(HttpCommandExecutor.java:191)
at org.openqa.selenium.remote.service.DriverCommandExecutor.invokeExecute(DriverCommandExecutor.java:200)
at org.openqa.selenium.remote.service.DriverCommandExecutor.execute(DriverCommandExecutor.java:175)
at org.openqa.selenium.remote.RemoteWebDriver.execute(RemoteWebDriver.java:607)
at org.openqa.selenium.remote.ElementLocation$ElementFinder$2.findElement(ElementLocation.java:165)
at org.openqa.selenium.remote.ElementLocation.findElement(ElementLocation.java:59)
at org.openqa.selenium.remote.RemoteWebDriver.findElement(RemoteWebDriver.java:364)
at org.openqa.selenium.remote.RemoteWebDriver.findElement(RemoteWebDriver.java:358)
at BatchExcutaion.Insatagram_With_Locators.instagram(Insatagram_With_Locators.java:38)
... Removed 30 stack frames]]>
    </failure>
  </testcase> <!-- instagram -->
  <testcase classname="BatchExcutaion.airvistara_Assignment" name="Air" time="10.459"/>
  <testcase classname="BatchExcutaion.Zomato_Add_Suger" name="zomato" time="16.385">
    <failure type="org.openqa.selenium.ElementClickInterceptedException" message="element click intercepted: Element &amp;lt;div class=&amp;quot;SearchBar__Container-sc-16lps2d-3 ZIGuc&amp;quot;&amp;gt;...&amp;lt;/div&amp;gt; is not clickable at point (762, 43). Other element would receive the click: &amp;lt;div class=&amp;quot;LocationDropDown__LocationOverlay-sc-bx29pc-1 bLgtGp&amp;quot;&amp;gt;&amp;lt;/div&amp;gt;
  (Session info: chrome=123.0.6312.124)
Build info: version: &amp;apos;4.15.0&amp;apos;, revision: &amp;apos;1d14b5521b&amp;apos;
System info: os.name: &amp;apos;Windows 10&amp;apos;, os.arch: &amp;apos;amd64&amp;apos;, os.version: &amp;apos;10.0&amp;apos;, java.version: &amp;apos;17.0.3&amp;apos;
Driver info: org.openqa.selenium.chrome.ChromeDriver
Command: [986cb571de7789f9081fbaa313763e87, clickElement {id=f.9CAD46A97334EE07B85D289303A9E823.d.D5F4F0C1FEB22859CE2C2CC1A8D3FAAA.e.35}]
Capabilities {acceptInsecureCerts: false, browserName: chrome, browserVersion: 123.0.6312.124, chrome: {chromedriverVersion: 123.0.6312.122 (31f8248cdd9..., userDataDir: C:\Users\USER\AppData\Local...}, fedcm:accounts: true, goog:chromeOptions: {debuggerAddress: localhost:54153}, networkConnectionEnabled: false, pageLoadStrategy: normal, platformName: windows, proxy: Proxy(), se:cdp: ws://localhost:54153/devtoo..., se:cdpVersion: 123.0.6312.124, setWindowRect: true, strictFileInteractability: false, timeouts: {implicit: 0, pageLoad: 300000, script: 30000}, unhandledPromptBehavior: dismiss and notify, webauthn:extension:credBlob: true, webauthn:extension:largeBlob: true, webauthn:extension:minPinLength: true, webauthn:extension:prf: true, webauthn:virtualAuthenticators: true}
Element: [[ChromeDriver: chrome on windows (986cb571de7789f9081fbaa313763e87)] -&amp;gt; xpath: //div[@class=&amp;apos;SearchBar__AnimationWrapper-sc-16lps2d-1 iJnYYS&amp;apos;]/ancestor::div[@class=&amp;apos;SearchBar__Container-sc-16lps2d-3 ZIGuc&amp;apos;]]
Session ID: 986cb571de7789f9081fbaa313763e87">
      <![CDATA[org.openqa.selenium.ElementClickInterceptedException: element click intercepted: Element <div class="SearchBar__Container-sc-16lps2d-3 ZIGuc">...</div> is not clickable at point (762, 43). Other element would receive the click: <div class="LocationDropDown__LocationOverlay-sc-bx29pc-1 bLgtGp"></div>
  (Session info: chrome=123.0.6312.124)
Build info: version: '4.15.0', revision: '1d14b5521b'
System info: os.name: 'Windows 10', os.arch: 'amd64', os.version: '10.0', java.version: '17.0.3'
Driver info: org.openqa.selenium.chrome.ChromeDriver
Command: [986cb571de7789f9081fbaa313763e87, clickElement {id=f.9CAD46A97334EE07B85D289303A9E823.d.D5F4F0C1FEB22859CE2C2CC1A8D3FAAA.e.35}]
Capabilities {acceptInsecureCerts: false, browserName: chrome, browserVersion: 123.0.6312.124, chrome: {chromedriverVersion: 123.0.6312.122 (31f8248cdd9..., userDataDir: C:\Users\USER\AppData\Local...}, fedcm:accounts: true, goog:chromeOptions: {debuggerAddress: localhost:54153}, networkConnectionEnabled: false, pageLoadStrategy: normal, platformName: windows, proxy: Proxy(), se:cdp: ws://localhost:54153/devtoo..., se:cdpVersion: 123.0.6312.124, setWindowRect: true, strictFileInteractability: false, timeouts: {implicit: 0, pageLoad: 300000, script: 30000}, unhandledPromptBehavior: dismiss and notify, webauthn:extension:credBlob: true, webauthn:extension:largeBlob: true, webauthn:extension:minPinLength: true, webauthn:extension:prf: true, webauthn:virtualAuthenticators: true}
Element: [[ChromeDriver: chrome on windows (986cb571de7789f9081fbaa313763e87)] -> xpath: //div[@class='SearchBar__AnimationWrapper-sc-16lps2d-1 iJnYYS']/ancestor::div[@class='SearchBar__Container-sc-16lps2d-3 ZIGuc']]
Session ID: 986cb571de7789f9081fbaa313763e87
at org.openqa.selenium.remote.codec.w3c.W3CHttpResponseCodec.createException(W3CHttpResponseCodec.java:200)
at org.openqa.selenium.remote.codec.w3c.W3CHttpResponseCodec.decode(W3CHttpResponseCodec.java:133)
at org.openqa.selenium.remote.codec.w3c.W3CHttpResponseCodec.decode(W3CHttpResponseCodec.java:52)
at org.openqa.selenium.remote.HttpCommandExecutor.execute(HttpCommandExecutor.java:191)
at org.openqa.selenium.remote.service.DriverCommandExecutor.invokeExecute(DriverCommandExecutor.java:200)
at org.openqa.selenium.remote.service.DriverCommandExecutor.execute(DriverCommandExecutor.java:175)
at org.openqa.selenium.remote.RemoteWebDriver.execute(RemoteWebDriver.java:607)
at org.openqa.selenium.remote.RemoteWebElement.execute(RemoteWebElement.java:224)
at org.openqa.selenium.remote.RemoteWebElement.click(RemoteWebElement.java:77)
at BatchExcutaion.Zomato_Add_Suger.zomato(Zomato_Add_Suger.java:25)
... Removed 30 stack frames]]>
    </failure>
  </testcase> <!-- zomato -->
  <testcase classname="BatchExcutaion.SetDimension_SetPosition_Method" name="setDimension" time="7.191"/>
  <testcase classname="BatchExcutaion.Naukri_Com_Assignment" name="naukri" time="11.751"/>
  <testcase classname="BatchExcutaion.FaceBook_Assignment_Locator" name="FacebookAssigment" time="6.852"/>
  <testcase classname="BatchExcutaion.Setposition_Method" name="setPosition" time="5.722"/>
  <testcase classname="BatchExcutaion.GetSize_method" name="getSize" time="12.011"/>
  <testcase classname="BatchExcutaion.Netflix_Assignment_Xpath_Locatros" name="netflix" time="29.006"/>
  <testcase classname="BatchExcutaion.Paytm" name="paytm" time="10.453"/>
  <testcase classname="BatchExcutaion.Myntra_Assingment" name="myntra" time="26.961"/>
  <testcase classname="BatchExcutaion.Demo_Web_Shop_Locators" name="Demo" time="12.045"/>
</testsuite> <!-- Test -->
